app/build/outputs/logs/manifest-merger-debug-report.txt
-- Merging decision tree log ---
manifest
ADDED from src/main/AndroidManifest.xml:2:1-36:12
INJECTED from src/main/AndroidManifest.xml:2:1-36:12
INJECTED from src/main/AndroidManifest.xml:2:1-36:12
INJECTED from src/main/AndroidManifest.xml:2:1-36:12
MERGED from [com.android.support.constraint:constraint-layout:1.1.0] AndroidManifest.xml:2:1-11:12
MERGED from [com.google.ar.sceneform.ux:sceneform-ux:1.0.0] AndroidManifest.xml:17:1-22:12
MERGED from [com.google.ar.sceneform:core:1.0.0] AndroidManifest.xml:2:1-7:12
MERGED from [com.android.support:design:27.1.1] AndroidManifest.xml:17:1-22:12
MERGED from [com.google.ar.sceneform:rendering:1.0.0] AndroidManifest.xml:2:1-7:12
MERGED from [com.google.ar.sceneform:sceneform-base:1.0.0] AndroidManifest.xml:2:1-8:12
MERGED from [com.google.ar.sceneform:filament-android:1.0.0] AndroidManifest.xml:2:1-11:12
MERGED from [com.android.support:support-v4:27.1.1] AndroidManifest.xml:17:1-22:12
MERGED from [com.android.support:appcompat-v7:27.1.1] AndroidManifest.xml:17:1-22:12
MERGED from [com.android.support:recyclerview-v7:27.1.1] AndroidManifest.xml:17:1-22:12
MERGED from [com.android.support:transition:27.1.1] AndroidManifest.xml:17:1-22:12
MERGED from [com.google.ar:core:1.2.0] AndroidManifest.xml:17:1-46:12
MERGED from [com.android.support:support-media-compat:27.1.1] AndroidManifest.xml:17:1-22:12
MERGED from [com.android.support:support-fragment:27.1.1] AndroidManifest.xml:17:1-22:12
MERGED from [com.android.support:animated-vector-drawable:27.1.1] AndroidManifest.xml:17:1-22:12
MERGED from [com.android.support:support-core-ui:27.1.1] AndroidManifest.xml:17:1-22:12
MERGED from [com.android.support:support-core-utils:27.1.1] AndroidManifest.xml:17:1-22:12
MERGED from [com.android.support:support-vector-drawable:27.1.1] AndroidManifest.xml:17:1-22:12
MERGED from [com.android.support:support-compat:27.1.1] AndroidManifest.xml:17:1-22:12
MERGED from [android.arch.lifecycle:runtime:1.1.0] AndroidManifest.xml:17:1-22:12
MERGED from [android.arch.lifecycle:livedata-core:1.1.0] AndroidManifest.xml:17:1-22:12
MERGED from [android.arch.lifecycle:viewmodel:1.1.0] AndroidManifest.xml:17:1-22:12
MERGED from [android.arch.core:runtime:1.1.0] AndroidManifest.xml:17:1-22:12
INJECTED from src/main/AndroidManifest.xml:2:1-36:12
INJECTED from src/main/AndroidManifest.xml:2:1-36:12
INJECTED from src/main/AndroidManifest.xml:2:1-36:12
	package
		ADDED from src/main/AndroidManifest.xml:4:5-44
		INJECTED from src/main/AndroidManifest.xml
		INJECTED from src/main/AndroidManifest.xml
	android:versionName
		INJECTED from src/main/AndroidManifest.xml
		ADDED from src/main/AndroidManifest.xml:2:1-36:12
		INJECTED from src/main/AndroidManifest.xml
	xmlns:tools
		ADDED from src/main/AndroidManifest.xml:3:5-51
	android:versionCode
		INJECTED from src/main/AndroidManifest.xml
		ADDED from src/main/AndroidManifest.xml:2:1-36:12
		INJECTED from src/main/AndroidManifest.xml
	xmlns:android
		ADDED from src/main/AndroidManifest.xml:2:11-69
uses-permission#android.permission.CAMERA
ADDED from src/main/AndroidManifest.xml:6:5-65
	android:name
		ADDED from src/main/AndroidManifest.xml:6:22-62
uses-feature#android.hardware.camera.ar
ADDED from src/main/AndroidManifest.xml:8:5-86
	android:required
		ADDED from src/main/AndroidManifest.xml:8:61-84
	android:name
		ADDED from src/main/AndroidManifest.xml:8:19-60
application
ADDED from src/main/AndroidManifest.xml:10:5-34:19
MERGED from [com.android.support.constraint:constraint-layout:1.1.0] AndroidManifest.xml:9:5-20
MERGED from [com.android.support.constraint:constraint-layout:1.1.0] AndroidManifest.xml:9:5-20
MERGED from [com.google.ar.sceneform:sceneform-base:1.0.0] AndroidManifest.xml:5:5-6:19
MERGED from [com.google.ar.sceneform:sceneform-base:1.0.0] AndroidManifest.xml:5:5-6:19
MERGED from [com.google.ar:core:1.2.0] AndroidManifest.xml:30:5-44:19
MERGED from [com.google.ar:core:1.2.0] AndroidManifest.xml:30:5-44:19
	android:supportsRtl
		ADDED from src/main/AndroidManifest.xml:15:9-35
	android:label
		ADDED from src/main/AndroidManifest.xml:13:9-41
	tools:ignore
		ADDED from src/main/AndroidManifest.xml:18:9-48
	android:roundIcon
		ADDED from src/main/AndroidManifest.xml:14:9-54
	android:icon
		ADDED from src/main/AndroidManifest.xml:12:9-43
	android:allowBackup
		ADDED from src/main/AndroidManifest.xml:11:9-35
	android:theme
		ADDED from src/main/AndroidManifest.xml:16:9-40
	android:usesCleartextTraffic
		ADDED from src/main/AndroidManifest.xml:17:9-45
meta-data#com.google.ar.core
ADDED from src/main/AndroidManifest.xml:20:9-81
	android:value
		ADDED from src/main/AndroidManifest.xml:20:54-78
	android:name
		ADDED from src/main/AndroidManifest.xml:20:20-53
activity#com.raywenderlich.whacardroid.MainActivity
ADDED from src/main/AndroidManifest.xml:22:9-33:20
	android:screenOrientation
		ADDED from src/main/AndroidManifest.xml:26:13-47
	android:label
		ADDED from src/main/AndroidManifest.xml:23:13-45
	android:exported
		ADDED from src/main/AndroidManifest.xml:27:13-36
	android:configChanges
		ADDED from src/main/AndroidManifest.xml:24:13-59
	android:theme
		ADDED from src/main/AndroidManifest.xml:25:13-63
	android:name
		ADDED from src/main/AndroidManifest.xml:22:19-47
intent-filter#action:name:android.intent.action.MAIN+category:name:android.intent.category.LAUNCHER
ADDED from src/main/AndroidManifest.xml:28:13-32:29
action#android.intent.action.MAIN
ADDED from src/main/AndroidManifest.xml:29:17-69
	android:name
		ADDED from src/main/AndroidManifest.xml:29:25-66
category#android.intent.category.LAUNCHER
ADDED from src/main/AndroidManifest.xml:31:17-77
	android:name
		ADDED from src/main/AndroidManifest.xml:31:27-74
uses-sdk
INJECTED from src/main/AndroidManifest.xml reason: use-sdk injection requested
INJECTED from src/main/AndroidManifest.xml
INJECTED from src/main/AndroidManifest.xml
MERGED from [com.android.support.constraint:constraint-layout:1.1.0] AndroidManifest.xml:5:5-7:41
MERGED from [com.android.support.constraint:constraint-layout:1.1.0] AndroidManifest.xml:5:5-7:41
MERGED from [com.google.ar.sceneform.ux:sceneform-ux:1.0.0] AndroidManifest.xml:20:5-44
MERGED from [com.google.ar.sceneform.ux:sceneform-ux:1.0.0] AndroidManifest.xml:20:5-44
MERGED from [com.google.ar.sceneform:core:1.0.0] AndroidManifest.xml:5:5-44
MERGED from [com.google.ar.sceneform:core:1.0.0] AndroidManifest.xml:5:5-44
MERGED from [com.android.support:design:27.1.1] AndroidManifest.xml:20:5-44
MERGED from [com.android.support:design:27.1.1] AndroidManifest.xml:20:5-44
MERGED from [com.google.ar.sceneform:rendering:1.0.0] AndroidManifest.xml:5:5-44
MERGED from [com.google.ar.sceneform:rendering:1.0.0] AndroidManifest.xml:5:5-44
MERGED from [com.google.ar.sceneform:filament-android:1.0.0] AndroidManifest.xml:7:5-9:41
MERGED from [com.google.ar.sceneform:filament-android:1.0.0] AndroidManifest.xml:7:5-9:41
MERGED from [com.android.support:support-v4:27.1.1] AndroidManifest.xml:20:5-44
MERGED from [com.android.support:support-v4:27.1.1] AndroidManifest.xml:20:5-44
MERGED from [com.android.support:appcompat-v7:27.1.1] AndroidManifest.xml:20:5-44
MERGED from [com.android.support:appcompat-v7:27.1.1] AndroidManifest.xml:20:5-44
MERGED from [com.android.support:recyclerview-v7:27.1.1] AndroidManifest.xml:20:5-44
MERGED from [com.android.support:recyclerview-v7:27.1.1] AndroidManifest.xml:20:5-44
MERGED from [com.android.support:transition:27.1.1] AndroidManifest.xml:20:5-44
MERGED from [com.android.support:transition:27.1.1] AndroidManifest.xml:20:5-44
MERGED from [com.google.ar:core:1.2.0] AndroidManifest.xml:26:5-28:41
MERGED from [com.google.ar:core:1.2.0] AndroidManifest.xml:26:5-28:41
MERGED from [com.android.support:support-media-compat:27.1.1] AndroidManifest.xml:20:5-44
MERGED from [com.android.support:support-media-compat:27.1.1] AndroidManifest.xml:20:5-44
MERGED from [com.android.support:support-fragment:27.1.1] AndroidManifest.xml:20:5-44
MERGED from [com.android.support:support-fragment:27.1.1] AndroidManifest.xml:20:5-44
MERGED from [com.android.support:animated-vector-drawable:27.1.1] AndroidManifest.xml:20:5-44
MERGED from [com.android.support:animated-vector-drawable:27.1.1] AndroidManifest.xml:20:5-44
MERGED from [com.android.support:support-core-ui:27.1.1] AndroidManifest.xml:20:5-44
MERGED from [com.android.support:support-core-ui:27.1.1] AndroidManifest.xml:20:5-44
MERGED from [com.android.support:support-core-utils:27.1.1] AndroidManifest.xml:20:5-44
MERGED from [com.android.support:support-core-utils:27.1.1] AndroidManifest.xml:20:5-44
MERGED from [com.android.support:support-vector-drawable:27.1.1] AndroidManifest.xml:20:5-44
MERGED from [com.android.support:support-vector-drawable:27.1.1] AndroidManifest.xml:20:5-44
MERGED from [com.android.support:support-compat:27.1.1] AndroidManifest.xml:20:5-44
MERGED from [com.android.support:support-compat:27.1.1] AndroidManifest.xml:20:5-44
MERGED from [android.arch.lifecycle:runtime:1.1.0] AndroidManifest.xml:20:5-44
MERGED from [android.arch.lifecycle:runtime:1.1.0] AndroidManifest.xml:20:5-44
MERGED from [android.arch.lifecycle:livedata-core:1.1.0] AndroidManifest.xml:20:5-44
MERGED from [android.arch.lifecycle:livedata-core:1.1.0] AndroidManifest.xml:20:5-44
MERGED from [android.arch.lifecycle:viewmodel:1.1.0] AndroidManifest.xml:20:5-44
MERGED from [android.arch.lifecycle:viewmodel:1.1.0] AndroidManifest.xml:20:5-44
MERGED from [android.arch.core:runtime:1.1.0] AndroidManifest.xml:20:5-44
MERGED from [android.arch.core:runtime:1.1.0] AndroidManifest.xml:20:5-44
INJECTED from src/main/AndroidManifest.xml
INJECTED from src/main/AndroidManifest.xml
	android:targetSdkVersion
		INJECTED from src/main/AndroidManifest.xml
		ADDED from src/main/AndroidManifest.xml
		INJECTED from src/main/AndroidManifest.xml
	android:minSdkVersion
		INJECTED from src/main/AndroidManifest.xml
		ADDED from src/main/AndroidManifest.xml
		INJECTED from src/main/AndroidManifest.xml
uses-permission#android.permission.WRITE_EXTERNAL_STORAGE
IMPLIED from src/main/AndroidManifest.xml:2:1-36:12 reason: com.google.ar.sceneform has a targetSdkVersion < 4
uses-permission#android.permission.READ_PHONE_STATE
IMPLIED from src/main/AndroidManifest.xml:2:1-36:12 reason: com.google.ar.sceneform has a targetSdkVersion < 4
uses-permission#android.permission.READ_EXTERNAL_STORAGE
IMPLIED from src/main/AndroidManifest.xml:2:1-36:12 reason: com.google.ar.sceneform requested WRITE_EXTERNAL_STORAGE
activity#com.google.ar.core.InstallActivity
ADDED from [com.google.ar:core:1.2.0] AndroidManifest.xml:33:9-39:80
	android:excludeFromRecents
		ADDED from [com.google.ar:core:1.2.0] AndroidManifest.xml:36:13-46
	android:launchMode
		ADDED from [com.google.ar:core:1.2.0] AndroidManifest.xml:38:13-43
	android:exported
		ADDED from [com.google.ar:core:1.2.0] AndroidManifest.xml:37:13-37
	android:configChanges
		ADDED from [com.google.ar:core:1.2.0] AndroidManifest.xml:35:13-74
	android:theme
		ADDED from [com.google.ar:core:1.2.0] AndroidManifest.xml:39:13-77
	android:name
		ADDED from [com.google.ar:core:1.2.0] AndroidManifest.xml:34:13-62
meta-data#com.google.ar.core.min_apk_version
ADDED from [com.google.ar:core:1.2.0] AndroidManifest.xml:41:9-43:41
	android:value
		ADDED from [com.google.ar:core:1.2.0] AndroidManifest.xml:43:13-38
	android:name
		ADDED from [com.google.ar:core:1.2.0] AndroidManifest.xml:42:13-62